Arguments: 
  C:\Program Files\nodejs\node.exe C:\Users\rgued\AppData\Roaming\npm\node_modules\yarn\bin\yarn.js

PATH: 
  C:\Program Files\Common Files\Oracle\Java\javapath;C:\Users\rgued\.console-ninja\.bin;C:\Users\rgued\AppData\Local\Programs\Python\Python312\Scripts\;C:\Users\rgued\AppData\Local\Programs\Python\Python312\;C:\Users\rgued\AppData\Local\Programs\Python\Launcher\;C:\Users\rgued\AppData\Local\Microsoft\WindowsApps;C:\Users\rgued\AppData\Local\Programs\Microsoft VS Code\bin;C:\Users\rgued\AppData\Local\Android\Sdk\platform-tools;C:\Users\rgued\AppData\Local\GitHubDesktop\bin;C:\Users\rgued\AppData\Roaming\npm;C:\Users\rgued\AppData\Local\Yarn\bin;C:\Program Files\Java\jdk-17\bin;C:\ProgramData\chocolatey\bin;C:\Program Files\nodejs;C:\Android\Sdk\emulator;C:\Android\Sdk\tools;C:\Android\Sdk\tools\bin;C:\Android\Sdk\platform-tools;C:\Windows\System32;C:\Users\rgued\AppData\Local\Android\Sdk;D:\Programas Instalados\Git\cmd;C:\Users\rgued\.console-ninja\.bin;C:\Users\rgued\AppData\Local\Programs\Python\Python312\Scripts\;C:\Users\rgued\AppData\Local\Programs\Python\Python312\;C:\Users\rgued\AppData\Local\Programs\Python\Launcher\;C:\Users\rgued\AppData\Local\Microsoft\WindowsApps;C:\Users\rgued\AppData\Local\Programs\Microsoft VS Code\bin;C:\Users\rgued\AppData\Local\Android\Sdk\platform-tools;C:\Users\rgued\AppData\Local\GitHubDesktop\bin;C:\Users\rgued\AppData\Roaming\npm;C:\Users\rgued\AppData\Local\Yarn\bin;C:\Program Files\Java\jdk-17\bin;C:\ProgramData\chocolatey\bin;C:\Program Files\nodejs;C:\Users\rgued\AppData\Local\Android\Sdk\emulator;C:\Users\rgued\AppData\Local\Android\Sdk\tools;C:\Users\rgued\AppData\Local\Android\Sdk\tools\bin;C:\Users\rgued\AppData\Local\Android\Sdk\platform-tools;C:\Windows\System32;C:\Users\rgued\AppData\Local\Android\Sdk;C:\Android\Sdk\ndk\android-ndk-r26b;C:\Users\rgued\AppData\Local\Android\Sdk;C:\Users\rgued\AppData\Local\Android\Sdk\platform-tools;

Yarn version: 
  1.22.19

Node version: 
  18.18.0

Platform: 
  win32 x64

Trace: 
  SyntaxError: D:\Nihon Wakusei Group\Novos Sites\otakuprime\backend\package.json: Unexpected end of JSON input
      at JSON.parse (<anonymous>)
      at C:\Users\rgued\AppData\Roaming\npm\node_modules\yarn\lib\cli.js:1629:59
      at Generator.next (<anonymous>)
      at step (C:\Users\rgued\AppData\Roaming\npm\node_modules\yarn\lib\cli.js:310:30)
      at C:\Users\rgued\AppData\Roaming\npm\node_modules\yarn\lib\cli.js:321:13

npm manifest: 
  

yarn manifest: 
  No manifest

Lockfile: 
  # THIS IS AN AUTOGENERATED FILE. DO NOT EDIT THIS FILE DIRECTLY.
  # yarn lockfile v1
